JvmtiExport can_access_local_variables 0
JvmtiExport can_hotswap_or_post_breakpoint 0
JvmtiExport can_post_on_exceptions 0
# 820 ciObject found
ciMethod java/lang/Object <init> ()V 4097 1 5287283 0 0
ciMethod java/nio/Buffer checkIndex (I)I 3073 1 1803 0 0
ciMethodData java/lang/Object <init> ()V 2 5287292 orig 264 56 173 135 106 0 0 0 0 128 4 154 21 0 0 0 0 32 1 0 0 0 0 0 0 0 0 0 0 0 0 0 0 0 0 0 0 0 0 0 0 0 0 0 0 0 0 0 0 0 0 0 0 0 0 0 0 0 0 0 0 0 0 0 0 0 0 0 0 0 0 0 0 0 0 0 0 0 0 0 0 77 68 79 32 101 120 116 114 97 32 100 97 116 97 32 108 111 99 107 0 0 0 0 0 0 0 0 0 0 0 0 0 0 0 0 0 0 0 0 0 0 0 0 0 0 0 0 0 0 0 0 0 0 0 0 0 0 0 0 0 0 0 0 0 0 0 0 0 0 0 0 0 0 0 0 0 0 0 0 0 0 0 0 0 0 0 0 0 0 0 0 0 0 0 0 0 0 0 0 0 0 0 0 0 1 0 0 0 0 0 0 0 1 0 0 0 0 0 0 0 1 0 0 0 0 0 0 0 0 0 0 0 0 0 0 0 0 2 0 0 225 91 133 2 1 0 0 0 0 0 0 0 0 0 0 0 2 0 0 0 0 0 3 0 1 0 0 0 0 0 0 0 255 255 255 255 0 0 0 0 0 0 0 0 data 0 oops 0
ciMethodData java/nio/Buffer checkIndex (I)I 2 1803 orig 264 56 173 135 106 0 0 0 0 80 91 163 21 0 0 0 0 120 1 0 0 32 0 0 0 0 0 0 0 0 0 0 0 0 0 0 0 0 0 0 0 0 0 0 0 0 0 0 0 0 0 0 0 0 0 0 0 0 0 0 0 0 0 0 0 0 0 0 0 0 0 0 0 0 0 0 0 0 0 0 0 77 68 79 32 101 120 116 114 97 32 100 97 116 97 32 108 111 99 107 0 0 0 0 0 0 0 0 0 0 0 0 0 0 0 0 0 0 0 0 0 0 0 0 0 0 0 0 0 0 0 0 0 0 0 0 0 0 0 0 0 0 0 0 0 0 0 0 0 0 0 0 0 0 0 0 0 0 0 0 0 0 0 0 0 0 0 0 0 0 0 0 0 0 0 0 0 0 0 0 0 0 0 0 0 0 0 0 0 0 0 0 0 0 0 0 0 0 0 0 0 0 0 0 0 0 0 0 0 0 0 0 0 0 0 0 0 128 1 0 0 89 44 0 0 1 0 0 0 0 0 0 0 0 0 0 0 2 0 0 0 0 0 8 0 2 0 0 0 80 0 0 0 255 255 255 255 7 0 1 0 0 0 0 0 data 10 0x10007 0x0 0x40 0x58a 0x90007 0x58b 0x30 0x0 0x100002 0x0 oops 0
ciMethod com/android/tools/r8/code/Instruction <init> (Lcom/android/tools/r8/code/BytecodeStream;)V 4097 1 261912 0 0
ciMethod com/android/tools/r8/code/Instruction readSigned8BitValue (Lcom/android/tools/r8/code/BytecodeStream;)B 145 1 2007 0 0
ciMethod com/android/tools/r8/code/Instruction read8BitValue (Lcom/android/tools/r8/code/BytecodeStream;)S 3073 1 153097 0 0
ciMethod com/android/tools/r8/code/Instruction readSigned16BitValue (Lcom/android/tools/r8/code/BytecodeStream;)S 241 1 27691 0 288
ciMethod com/android/tools/r8/code/MoveResult <init> (ILcom/android/tools/r8/code/BytecodeStream;)V 465 1 11835 0 -1
ciMethod com/android/tools/r8/code/Format11x <init> (ILcom/android/tools/r8/code/BytecodeStream;)V 1121 1 41336 0 -1
ciMethod com/android/tools/r8/code/MoveResultWide <init> (ILcom/android/tools/r8/code/BytecodeStream;)V 0 0 496 0 -1
ciMethod com/android/tools/r8/code/MoveResultObject <init> (ILcom/android/tools/r8/code/BytecodeStream;)V 361 1 12444 0 -1
ciMethod com/android/tools/r8/code/InvokeDirectRange <init> (ILcom/android/tools/r8/code/BytecodeStream;Lcom/android/tools/r8/graph/OffsetToObjectMapping;)V 0 0 245 0 -1
ciMethod com/android/tools/r8/code/Format3rc <init> (ILcom/android/tools/r8/code/BytecodeStream;[Lcom/android/tools/r8/graph/IndexedDexItem;)V 9 1 1143 0 -1
ciMethod com/android/tools/r8/code/InvokeDirect <init> (ILcom/android/tools/r8/code/BytecodeStream;Lcom/android/tools/r8/graph/OffsetToObjectMapping;)V 465 1 9138 0 -1
ciMethod com/android/tools/r8/code/Format35c <init> (ILcom/android/tools/r8/code/BytecodeStream;[Lcom/android/tools/r8/graph/IndexedDexItem;)V 1785 1 70959 0 -1
ciMethod com/android/tools/r8/code/ReturnVoid <init> (ILcom/android/tools/r8/code/BytecodeStream;)V 241 1 8695 0 -1
ciMethod com/android/tools/r8/code/Format10x <init> (ILcom/android/tools/r8/code/BytecodeStream;)V 265 1 10346 0 -1
ciMethod com/android/tools/r8/code/ReturnObject <init> (ILcom/android/tools/r8/code/BytecodeStream;)V 241 1 4605 0 -1
ciMethod com/android/tools/r8/code/Return <init> (ILcom/android/tools/r8/code/BytecodeStream;)V 57 1 4217 0 -1
ciMethod com/android/tools/r8/code/ReturnWide <init> (ILcom/android/tools/r8/code/BytecodeStream;)V 0 0 111 0 -1
ciMethod com/android/tools/r8/code/FillArrayData <init> (ILcom/android/tools/r8/code/BytecodeStream;)V 0 0 25 0 -1
ciMethod com/android/tools/r8/code/Format31t <init> (ILcom/android/tools/r8/code/BytecodeStream;)V 0 0 280 0 -1
ciMethod com/android/tools/r8/code/Nop <init> (ILcom/android/tools/r8/code/BytecodeStream;)V 5721 1 767 0 -1
ciMethod com/android/tools/r8/code/Nop create (ILcom/android/tools/r8/code/BytecodeStream;)Lcom/android/tools/r8/code/Nop; 16385 1 2315 0 -1
ciMethod com/android/tools/r8/code/Const4 <init> (ILcom/android/tools/r8/code/BytecodeStream;)V 313 1 11900 0 -1
ciMethod com/android/tools/r8/code/Format11n <init> (ILcom/android/tools/r8/code/BytecodeStream;)V 313 1 22894 0 -1
ciMethod com/android/tools/r8/code/Const16 <init> (ILcom/android/tools/r8/code/BytecodeStream;)V 25 1 1842 0 -1
ciMethod com/android/tools/r8/code/Format21s <init> (ILcom/android/tools/r8/code/BytecodeStream;)V 25 1 2390 0 -1
ciMethod com/android/tools/r8/code/Base2Format <init> (Lcom/android/tools/r8/code/BytecodeStream;)V 1385 1 103992 0 0
ciMethod com/android/tools/r8/code/ConstHigh16 <init> (ILcom/android/tools/r8/code/BytecodeStream;)V 33 1 681 0 -1
ciMethod com/android/tools/r8/code/Format21h <init> (ILcom/android/tools/r8/code/BytecodeStream;)V 33 1 754 0 -1
ciMethod com/android/tools/r8/code/Const <init> (ILcom/android/tools/r8/code/BytecodeStream;)V 9 1 316 0 -1
ciMethod com/android/tools/r8/code/Format31i <init> (ILcom/android/tools/r8/code/BytecodeStream;)V 9 1 347 0 -1
ciMethod com/android/tools/r8/code/ConstWide16 <init> (ILcom/android/tools/r8/code/BytecodeStream;)V 0 0 211 0 -1
ciMethod com/android/tools/r8/code/ConstWideHigh16 <init> (ILcom/android/tools/r8/code/BytecodeStream;)V 241 1 56 0 -1
ciMethod com/android/tools/r8/code/ConstWide32 <init> (ILcom/android/tools/r8/code/BytecodeStream;)V 0 0 17 0 -1
ciMethod com/android/tools/r8/code/ConstWide <init> (ILcom/android/tools/r8/code/BytecodeStream;)V 0 0 110 0 -1
ciMethod com/android/tools/r8/code/Format51l <init> (ILcom/android/tools/r8/code/BytecodeStream;)V 0 0 110 0 -1
ciMethod com/android/tools/r8/code/NewArray <init> (ILcom/android/tools/r8/code/BytecodeStream;Lcom/android/tools/r8/graph/OffsetToObjectMapping;)V 25 1 723 0 -1
ciMethod com/android/tools/r8/code/Format22c <init> (ILcom/android/tools/r8/code/BytecodeStream;[Lcom/android/tools/r8/graph/IndexedDexItem;)V 449 1 54636 0 -1
ciMethod com/android/tools/r8/code/Aput <init> (ILcom/android/tools/r8/code/BytecodeStream;)V 9 1 478 0 -1
ciMethod com/android/tools/r8/code/Format23x <init> (ILcom/android/tools/r8/code/BytecodeStream;)V 97 1 4781 0 -1
ciMethod com/android/tools/r8/code/AputWide <init> (ILcom/android/tools/r8/code/BytecodeStream;)V 97 1 24 0 -1
ciMethod com/android/tools/r8/code/AputObject <init> (ILcom/android/tools/r8/code/BytecodeStream;)V 0 0 566 0 -1
ciMethod com/android/tools/r8/code/AputBoolean <init> (ILcom/android/tools/r8/code/BytecodeStream;)V 33 1 4 0 -1
ciMethod com/android/tools/r8/code/AputByte <init> (ILcom/android/tools/r8/code/BytecodeStream;)V 137 1 17 0 -1
ciMethod com/android/tools/r8/code/AputChar <init> (ILcom/android/tools/r8/code/BytecodeStream;)V 17 1 2 0 -1
ciMethod com/android/tools/r8/code/Sput <init> (ILcom/android/tools/r8/code/BytecodeStream;Lcom/android/tools/r8/graph/OffsetToObjectMapping;)V 0 0 53 0 -1
ciMethod com/android/tools/r8/code/Format21c <init> (ILcom/android/tools/r8/code/BytecodeStream;[Lcom/android/tools/r8/graph/IndexedDexItem;)V 505 1 18331 0 -1
ciMethod com/android/tools/r8/code/SputWide <init> (ILcom/android/tools/r8/code/BytecodeStream;Lcom/android/tools/r8/graph/OffsetToObjectMapping;)V 0 0 3 0 -1
ciMethod com/android/tools/r8/code/SputObject <init> (ILcom/android/tools/r8/code/BytecodeStream;Lcom/android/tools/r8/graph/OffsetToObjectMapping;)V 25 1 679 0 -1
ciMethod com/android/tools/r8/code/SputBoolean <init> (ILcom/android/tools/r8/code/BytecodeStream;Lcom/android/tools/r8/graph/OffsetToObjectMapping;)V 0 0 66 0 -1
ciMethod com/android/tools/r8/code/PackedSwitchPayload <init> (ILcom/android/tools/r8/code/BytecodeStream;)V 3753 18801 451 0 -1
ciMethod com/android/tools/r8/code/SparseSwitchPayload <init> (ILcom/android/tools/r8/code/BytecodeStream;)V 33 609 11 0 -1
ciMethod com/android/tools/r8/code/FillArrayDataPayload <init> (ILcom/android/tools/r8/code/BytecodeStream;)V 153 865 142 0 -1
ciMethod java/nio/ShortBuffer get (I)S 0 0 1 0 -1
ciMethod com/android/tools/r8/code/Sget <init> (ILcom/android/tools/r8/code/BytecodeStream;Lcom/android/tools/r8/graph/OffsetToObjectMapping;)V 65 1 1407 0 -1
ciMethod com/android/tools/r8/code/SgetWide <init> (ILcom/android/tools/r8/code/BytecodeStream;Lcom/android/tools/r8/graph/OffsetToObjectMapping;)V 0 0 5 0 -1
ciMethod com/android/tools/r8/code/SgetObject <init> (ILcom/android/tools/r8/code/BytecodeStream;Lcom/android/tools/r8/graph/OffsetToObjectMapping;)V 33 1 1822 0 -1
ciMethod com/android/tools/r8/code/SgetBoolean <init> (ILcom/android/tools/r8/code/BytecodeStream;Lcom/android/tools/r8/graph/OffsetToObjectMapping;)V 0 0 81 0 -1
ciMethod com/android/tools/r8/code/ConstString <init> (ILcom/android/tools/r8/code/BytecodeStream;Lcom/android/tools/r8/graph/OffsetToObjectMapping;)V 89 1 3867 0 -1
ciMethod com/android/tools/r8/code/InvokeInterfaceRange <init> (ILcom/android/tools/r8/code/BytecodeStream;Lcom/android/tools/r8/graph/OffsetToObjectMapping;)V 0 0 34 0 -1
ciMethod com/android/tools/r8/code/InvokeInterface <init> (ILcom/android/tools/r8/code/BytecodeStream;Lcom/android/tools/r8/graph/OffsetToObjectMapping;)V 25 1 3818 0 -1
ciMethod com/android/tools/r8/code/CheckCast <init> (ILcom/android/tools/r8/code/BytecodeStream;Lcom/android/tools/r8/graph/OffsetToObjectMapping;)V 113 1 2813 0 -1
ciMethod com/android/tools/r8/code/Aget <init> (ILcom/android/tools/r8/code/BytecodeStream;)V 2841 1 504 0 -1
ciMethod com/android/tools/r8/code/AgetWide <init> (ILcom/android/tools/r8/code/BytecodeStream;)V 105 1 32 0 -1
ciMethod com/android/tools/r8/code/AgetObject <init> (ILcom/android/tools/r8/code/BytecodeStream;)V 0 0 294 0 -1
ciMethod com/android/tools/r8/code/AgetBoolean <init> (ILcom/android/tools/r8/code/BytecodeStream;)V 17 1 2 0 -1
ciMethod com/android/tools/r8/code/AgetByte <init> (ILcom/android/tools/r8/code/BytecodeStream;)V 457 1 57 0 -1
ciMethod com/android/tools/r8/code/AgetChar <init> (ILcom/android/tools/r8/code/BytecodeStream;)V 33 1 4 0 -1
ciMethod com/android/tools/r8/code/Iput <init> (ILcom/android/tools/r8/code/BytecodeStream;Lcom/android/tools/r8/graph/OffsetToObjectMapping;)V 73 1 3397 0 -1
ciMethod com/android/tools/r8/code/IputWide <init> (ILcom/android/tools/r8/code/BytecodeStream;Lcom/android/tools/r8/graph/OffsetToObjectMapping;)V 0 0 157 0 -1
ciMethod com/android/tools/r8/code/IputObject <init> (ILcom/android/tools/r8/code/BytecodeStream;Lcom/android/tools/r8/graph/OffsetToObjectMapping;)V 65 1 4181 0 -1
ciMethod com/android/tools/r8/code/IputBoolean <init> (ILcom/android/tools/r8/code/BytecodeStream;Lcom/android/tools/r8/graph/OffsetToObjectMapping;)V 4097 1 1276 0 -1
ciMethod com/android/tools/r8/code/IputChar <init> (ILcom/android/tools/r8/code/BytecodeStream;Lcom/android/tools/r8/graph/OffsetToObjectMapping;)V 185 1 26 0 -1
ciMethod com/android/tools/r8/code/IfEqz <init> (ILcom/android/tools/r8/code/BytecodeStream;)V 89 1 7314 0 -1
ciMethod com/android/tools/r8/code/Format21t <init> (ILcom/android/tools/r8/code/BytecodeStream;)V 137 1 12300 0 -1
ciMethod com/android/tools/r8/code/IfGez <init> (ILcom/android/tools/r8/code/BytecodeStream;)V 1449 1 192 0 -1
ciMethod com/android/tools/r8/code/IfGtz <init> (ILcom/android/tools/r8/code/BytecodeStream;)V 633 1 84 0 -1
ciMethod com/android/tools/r8/code/IfLez <init> (ILcom/android/tools/r8/code/BytecodeStream;)V 3481 1 463 0 -1
ciMethod com/android/tools/r8/code/IfLtz <init> (ILcom/android/tools/r8/code/BytecodeStream;)V 2745 1 352 0 -1
ciMethod com/android/tools/r8/code/IfNez <init> (ILcom/android/tools/r8/code/BytecodeStream;)V 49 1 3285 0 -1
ciMethod com/android/tools/r8/code/IfEq <init> (ILcom/android/tools/r8/code/BytecodeStream;)V 33 1 961 0 -1
ciMethod com/android/tools/r8/code/Format22t <init> (ILcom/android/tools/r8/code/BytecodeStream;)V 81 1 9466 0 -1
ciMethod com/android/tools/r8/code/IfGe <init> (ILcom/android/tools/r8/code/BytecodeStream;)V 25 1 1005 0 -1
ciMethod com/android/tools/r8/code/IfGt <init> (ILcom/android/tools/r8/code/BytecodeStream;)V 9 1 153 0 -1
ciMethod com/android/tools/r8/code/IfLe <init> (ILcom/android/tools/r8/code/BytecodeStream;)V 0 0 185 0 -1
ciMethod com/android/tools/r8/code/IfLt <init> (ILcom/android/tools/r8/code/BytecodeStream;)V 0 0 399 0 -1
ciMethod com/android/tools/r8/code/IfNe <init> (ILcom/android/tools/r8/code/BytecodeStream;)V 17 1 1362 0 -1
ciMethod com/android/tools/r8/code/InvokeVirtualRange <init> (ILcom/android/tools/r8/code/BytecodeStream;Lcom/android/tools/r8/graph/OffsetToObjectMapping;)V 0 0 642 0 -1
ciMethod com/android/tools/r8/code/InvokeVirtual <init> (ILcom/android/tools/r8/code/BytecodeStream;Lcom/android/tools/r8/graph/OffsetToObjectMapping;)V 969 1 25928 0 -1
ciMethod com/android/tools/r8/code/PackedSwitch <init> (ILcom/android/tools/r8/code/BytecodeStream;)V 0 0 223 0 -1
ciMethod com/android/tools/r8/code/SparseSwitch <init> (ILcom/android/tools/r8/code/BytecodeStream;)V 0 0 7 0 -1
ciMethod com/android/tools/r8/code/NewInstance <init> (ILcom/android/tools/r8/code/BytecodeStream;Lcom/android/tools/r8/graph/OffsetToObjectMapping;)V 185 1 4949 0 -1
ciMethod com/android/tools/r8/code/InvokeStaticRange <init> (ILcom/android/tools/r8/code/BytecodeStream;Lcom/android/tools/r8/graph/OffsetToObjectMapping;)V 0 0 146 0 -1
ciMethod com/android/tools/r8/code/InvokeStatic <init> (ILcom/android/tools/r8/code/BytecodeStream;Lcom/android/tools/r8/graph/OffsetToObjectMapping;)V 257 1 8085 0 -1
ciMethod com/android/tools/r8/code/Throw <init> (ILcom/android/tools/r8/code/BytecodeStream;)V 0 0 1594 0 -1
ciMethod com/android/tools/r8/code/InvokeSuperRange <init> (ILcom/android/tools/r8/code/BytecodeStream;Lcom/android/tools/r8/graph/OffsetToObjectMapping;)V 9 1 23 0 -1
ciMethod com/android/tools/r8/code/InvokeSuper <init> (ILcom/android/tools/r8/code/BytecodeStream;Lcom/android/tools/r8/graph/OffsetToObjectMapping;)V 65 1 821 0 -1
ciMethod com/android/tools/r8/code/Iget <init> (ILcom/android/tools/r8/code/BytecodeStream;Lcom/android/tools/r8/graph/OffsetToObjectMapping;)V 57 1 5775 0 -1
ciMethod com/android/tools/r8/code/IgetWide <init> (ILcom/android/tools/r8/code/BytecodeStream;Lcom/android/tools/r8/graph/OffsetToObjectMapping;)V 0 0 284 0 -1
ciMethod com/android/tools/r8/code/IgetObject <init> (ILcom/android/tools/r8/code/BytecodeStream;Lcom/android/tools/r8/graph/OffsetToObjectMapping;)V 209 1 18362 0 -1
ciMethod com/android/tools/r8/code/IgetBoolean <init> (ILcom/android/tools/r8/code/BytecodeStream;Lcom/android/tools/r8/graph/OffsetToObjectMapping;)V 10313 1 1332 0 -1
ciMethod com/android/tools/r8/code/IgetChar <init> (ILcom/android/tools/r8/code/BytecodeStream;Lcom/android/tools/r8/graph/OffsetToObjectMapping;)V 137 1 23 0 -1
ciMethod com/android/tools/r8/code/Move <init> (ILcom/android/tools/r8/code/BytecodeStream;)V 9 1 1300 0 -1
ciMethod com/android/tools/r8/code/Format12x <init> (ILcom/android/tools/r8/code/BytecodeStream;)V 169 1 9600 0 -1
ciMethod com/android/tools/r8/code/MoveWide <init> (ILcom/android/tools/r8/code/BytecodeStream;)V 417 1 57 0 -1
ciMethod com/android/tools/r8/code/MoveObject <init> (ILcom/android/tools/r8/code/BytecodeStream;)V 65 1 1922 0 -1
ciMethod com/android/tools/r8/code/MoveFrom16 <init> (ILcom/android/tools/r8/code/BytecodeStream;)V 0 0 1539 0 -1
ciMethod com/android/tools/r8/code/Format22x <init> (ILcom/android/tools/r8/code/BytecodeStream;)V 0 0 2566 0 -1
ciMethod com/android/tools/r8/code/MoveWideFrom16 <init> (ILcom/android/tools/r8/code/BytecodeStream;)V 441 1 109 0 -1
ciMethod com/android/tools/r8/code/MoveObjectFrom16 <init> (ILcom/android/tools/r8/code/BytecodeStream;)V 0 0 868 0 -1
ciMethod com/android/tools/r8/code/MoveException <init> (ILcom/android/tools/r8/code/BytecodeStream;)V 0 0 1404 0 -1
ciMethod com/android/tools/r8/code/InstanceOf <init> (ILcom/android/tools/r8/code/BytecodeStream;Lcom/android/tools/r8/graph/OffsetToObjectMapping;)V 25 1 494 0 -1
ciMethod com/android/tools/r8/code/Goto <init> (ILcom/android/tools/r8/code/BytecodeStream;)V 65 1 6024 0 -1
ciMethod com/android/tools/r8/code/Format10t <init> (ILcom/android/tools/r8/code/BytecodeStream;)V 65 1 6638 0 -1
ciMethod com/android/tools/r8/code/Goto16 <init> (ILcom/android/tools/r8/code/BytecodeStream;)V 0 0 331 0 -1
ciMethod com/android/tools/r8/code/Format20t <init> (ILcom/android/tools/r8/code/BytecodeStream;)V 0 0 372 0 -1
ciMethod com/android/tools/r8/code/AddDouble2Addr <init> (ILcom/android/tools/r8/code/BytecodeStream;)V 193 1 79 0 -1
ciMethod com/android/tools/r8/code/AddDouble <init> (ILcom/android/tools/r8/code/BytecodeStream;)V 17 1 40 0 -1
ciMethod com/android/tools/r8/code/AddFloat2Addr <init> (ILcom/android/tools/r8/code/BytecodeStream;)V 4201 1 519 0 -1
ciMethod com/android/tools/r8/code/AddFloat <init> (ILcom/android/tools/r8/code/BytecodeStream;)V 401 1 163 0 -1
ciMethod com/android/tools/r8/code/AddLong <init> (ILcom/android/tools/r8/code/BytecodeStream;)V 41 1 5 0 -1
ciMethod com/android/tools/r8/code/AddIntLit16 <init> (ILcom/android/tools/r8/code/BytecodeStream;)V 105 1 14 0 -1
ciMethod com/android/tools/r8/code/Format22s <init> (ILcom/android/tools/r8/code/BytecodeStream;)V 2449 1 194 0 0
ciMethod com/android/tools/r8/code/AddInt2Addr <init> (ILcom/android/tools/r8/code/BytecodeStream;)V 13929 1 1745 0 -1
ciMethod com/android/tools/r8/code/AddIntLit8 <init> (ILcom/android/tools/r8/code/BytecodeStream;)V 16393 1 3571 0 0
ciMethod com/android/tools/r8/code/Format22b <init> (ILcom/android/tools/r8/code/BytecodeStream;)V 9209 1 2713 0 0
ciMethod com/android/tools/r8/code/AddLong2Addr <init> (ILcom/android/tools/r8/code/BytecodeStream;)V 0 0 51 0 -1
ciMethod com/android/tools/r8/code/AddInt <init> (ILcom/android/tools/r8/code/BytecodeStream;)V 25 1 271 0 -1
ciMethod com/android/tools/r8/code/ConstClass <init> (ILcom/android/tools/r8/code/BytecodeStream;Lcom/android/tools/r8/graph/OffsetToObjectMapping;)V 0 0 185 0 -1
ciMethod com/android/tools/r8/code/ArrayLength <init> (ILcom/android/tools/r8/code/BytecodeStream;)V 0 0 421 0 -1
ciMethod java/nio/HeapShortBuffer ix (I)I 4097 1 9117 0 0
ciMethod java/nio/HeapShortBuffer get (I)S 4097 1 9118 0 160
ciMethodData java/nio/HeapShortBuffer get (I)S 2 9118 orig 264 56 173 135 106 0 0 0 0 120 120 81 37 0 0 0 0 176 1 0 0 0 0 0 0 0 0 0 0 0 0 0 0 0 0 0 0 0 0 0 0 0 0 0 0 0 0 0 0 0 0 0 0 0 0 0 0 0 0 0 0 0 0 0 0 0 0 0 0 0 0 0 0 0 0 0 0 0 0 0 0 77 68 79 32 101 120 116 114 97 32 100 97 116 97 32 108 111 99 107 0 0 0 0 0 0 0 0 0 0 0 0 0 0 0 0 0 0 0 0 0 0 0 0 0 0 0 0 0 0 0 0 0 0 0 0 0 0 0 0 0 0 0 0 0 0 0 0 0 0 0 0 0 0 0 0 0 0 0 0 0 0 0 0 0 0 0 0 0 0 0 0 0 0 0 0 0 0 0 0 0 0 0 0 0 0 0 0 0 0 0 0 0 0 0 0 0 0 0 0 0 0 0 0 0 0 0 0 0 0 0 0 0 0 0 0 0 0 2 0 0 241 12 1 0 1 0 0 0 0 0 0 0 0 0 0 0 2 0 0 0 0 0 3 0 2 0 0 0 96 0 0 0 255 255 255 255 5 0 7 0 0 0 0 0 data 12 0x70005 0x20a 0x1c986ee0 0x1f94 0x0 0x0 0xa0005 0x0 0x1c986ee0 0x219e 0x0 0x0 oops 2